mktextfm Calibri
mktextfm Calibri
mktextfm Calibri
mktextfm Calibri/BI
mktextfm Calibri
mktextfm Calibri/B
mktextfm Calibri
mktextfm Calibri/I
mktextfm Calibri
mktextfm Calibri
mktextfm Cambria
mktextfm Cambria
mktextfm Cambria
mktextfm Cambria/BI
mktextfm Cambria
mktextfm Cambria/B
mktextfm Cambria
mktextfm Cambria/I
mktextfm Cambria
mktextfm Cambria
mktextfm Georgia
mktextfm Georgia
mktextfm Georgia
mktextfm Georgia/BI
mktextfm Georgia
mktextfm Georgia/B
mktextfm Georgia
mktextfm Georgia/I
mktextfm Georgia
mktextfm Georgia
